INFO 2025-07-06 18:37:25,801 autoreload 4936 3052 Watching for file changes with StatReloader
INFO 2025-07-06 18:37:33,517 basehttp 4936 7636 "GET /admin/api/changerequest/ HTTP/1.1" 200 96676
INFO 2025-07-06 18:37:33,798 basehttp 4936 9228 "GET /static/admin/css/nav_sidebar.css HTTP/1.1" 200 2810
INFO 2025-07-06 18:37:33,835 basehttp 4936 9228 "GET /static/admin/css/changelists.css HTTP/1.1" 200 6811
INFO 2025-07-06 18:37:33,835 basehttp 4936 7636 "GET /static/admin/css/base.css HTTP/1.1" 200 21544
INFO 2025-07-06 18:37:33,864 basehttp 4936 9228 "GET /static/admin/css/responsive.css HTTP/1.1" 200 17905
INFO 2025-07-06 18:37:33,866 basehttp 4936 7636 "GET /admin/jsi18n/ HTTP/1.1" 200 3342
INFO 2025-07-06 18:37:33,875 basehttp 4936 7636 "GET /static/admin/img/search.svg HTTP/1.1" 200 458
INFO 2025-07-06 18:37:33,919 basehttp 4936 7636 "GET /static/admin/js/theme.js HTTP/1.1" 200 1943
INFO 2025-07-06 18:37:33,929 basehttp 4936 11484 "GET /static/admin/css/dark_mode.css HTTP/1.1" 200 2682
INFO 2025-07-06 18:37:33,971 basehttp 4936 7636 "GET /static/admin/js/nav_sidebar.js HTTP/1.1" 200 3063
INFO 2025-07-06 18:37:33,972 basehttp 4936 11484 "GET /static/admin/js/filters.js HTTP/1.1" 200 978
INFO 2025-07-06 18:37:34,043 basehttp 4936 11484 "GET /static/admin/img/icon-addlink.svg HTTP/1.1" 304 0
INFO 2025-07-06 18:37:34,069 basehttp 4936 7636 "GET /static/admin/img/tooltag-add.svg HTTP/1.1" 200 331
INFO 2025-07-06 18:37:34,071 basehttp 4936 11484 "GET /static/admin/img/sorting-icons.svg HTTP/1.1" 200 1097
INFO 2025-07-06 18:37:34,305 basehttp 4936 11484 "GET /static/admin/img/icon-viewlink.svg HTTP/1.1" 304 0
WARNING 2025-07-06 18:37:35,018 log 4936 11484 Not Found: /favicon.ico
WARNING 2025-07-06 18:37:35,019 basehttp 4936 11484 "GET /favicon.ico HTTP/1.1" 404 2991
INFO 2025-07-06 18:37:45,459 basehttp 4936 5020 "GET /api/change-requests/pending/ HTTP/1.1" 200 252
INFO 2025-07-06 18:37:45,968 basehttp 4936 2896 "GET /api/change-requests/approved/ HTTP/1.1" 200 34390
INFO 2025-07-06 18:37:46,420 basehttp 4936 2896 "GET /api/change-requests/approved/ HTTP/1.1" 200 34390
INFO 2025-07-06 18:37:46,842 basehttp 4936 2896 "GET /api/change-requests/approved/ HTTP/1.1" 200 34390
INFO 2025-07-06 18:37:47,296 basehttp 4936 2896 "GET /api/change-requests/approved/ HTTP/1.1" 200 34390
INFO 2025-07-06 18:37:47,639 basehttp 4936 2896 "GET /api/change-requests/approved/ HTTP/1.1" 200 34390
INFO 2025-07-06 18:37:48,008 basehttp 4936 2896 "GET /api/change-requests/approved/ HTTP/1.1" 200 34390
INFO 2025-07-06 18:37:48,422 basehttp 4936 2896 "GET /api/change-requests/approved/ HTTP/1.1" 200 34390
INFO 2025-07-06 18:37:48,836 basehttp 4936 2896 "GET /api/change-requests/approved/ HTTP/1.1" 200 34390
INFO 2025-07-06 18:37:49,238 basehttp 4936 2896 "GET /api/change-requests/approved/ HTTP/1.1" 200 34390
INFO 2025-07-06 18:37:49,589 basehttp 4936 2896 "GET /api/change-requests/approved/ HTTP/1.1" 200 34390
INFO 2025-07-06 18:37:51,005 basehttp 4936 2896 "GET /api/change-requests/approved/ HTTP/1.1" 200 34390
INFO 2025-07-06 18:37:51,838 basehttp 4936 11484 "GET /admin/api/changerequest/ HTTP/1.1" 200 96676
INFO 2025-07-06 18:37:51,919 basehttp 4936 11484 "GET /admin/jsi18n/ HTTP/1.1" 200 3342
INFO 2025-07-06 18:37:52,172 basehttp 4936 2896 "GET /api/change-requests/approved/ HTTP/1.1" 200 34390
INFO 2025-07-06 18:37:52,907 basehttp 4936 2896 "GET /api/change-requests/approved/ HTTP/1.1" 200 34390
INFO 2025-07-06 18:37:53,491 basehttp 4936 2896 "GET /api/change-requests/approved/ HTTP/1.1" 200 34390
INFO 2025-07-06 18:37:54,007 basehttp 4936 2896 "GET /api/change-requests/approved/ HTTP/1.1" 200 34390
INFO 2025-07-06 18:37:54,441 basehttp 4936 2896 "GET /api/change-requests/approved/ HTTP/1.1" 200 34390
INFO 2025-07-06 18:37:54,889 basehttp 4936 2896 "GET /api/change-requests/approved/ HTTP/1.1" 200 34390
INFO 2025-07-06 18:37:55,448 basehttp 4936 2896 "GET /api/change-requests/approved/ HTTP/1.1" 200 34390
INFO 2025-07-06 18:37:55,768 basehttp 4936 11484 "GET /admin/api/attendance/ HTTP/1.1" 200 25816
INFO 2025-07-06 18:37:55,868 basehttp 4936 11484 "GET /admin/jsi18n/ HTTP/1.1" 200 3342
INFO 2025-07-06 18:37:56,356 basehttp 4936 2896 "GET /api/change-requests/approved/ HTTP/1.1" 200 34390
INFO 2025-07-06 18:37:56,943 basehttp 4936 2896 "GET /api/change-requests/approved/ HTTP/1.1" 200 34390
INFO 2025-07-06 18:37:57,363 basehttp 4936 2896 "GET /api/change-requests/approved/ HTTP/1.1" 200 34390
INFO 2025-07-06 18:37:57,883 basehttp 4936 2896 "GET /api/change-requests/approved/ HTTP/1.1" 200 34390
INFO 2025-07-06 18:37:58,372 basehttp 4936 2896 "GET /api/change-requests/approved/ HTTP/1.1" 200 34390
INFO 2025-07-06 18:37:58,869 basehttp 4936 2896 "GET /api/change-requests/approved/ HTTP/1.1" 200 34390
INFO 2025-07-06 18:37:59,255 basehttp 4936 2896 "GET /api/change-requests/approved/ HTTP/1.1" 200 34390
INFO 2025-07-06 18:37:59,708 basehttp 4936 2896 "GET /api/change-requests/approved/ HTTP/1.1" 200 34390
INFO 2025-07-06 18:38:00,232 basehttp 4936 2896 "GET /api/change-requests/approved/ HTTP/1.1" 200 34390
INFO 2025-07-06 18:38:00,718 basehttp 4936 2896 "GET /api/change-requests/approved/ HTTP/1.1" 200 34390
INFO 2025-07-06 18:38:01,161 basehttp 4936 2896 "GET /api/change-requests/approved/ HTTP/1.1" 200 34390
INFO 2025-07-06 18:38:01,596 basehttp 4936 2896 "GET /api/change-requests/approved/ HTTP/1.1" 200 34390
INFO 2025-07-06 18:38:02,105 basehttp 4936 2896 "GET /api/change-requests/approved/ HTTP/1.1" 200 34390
INFO 2025-07-06 18:38:02,656 basehttp 4936 2896 "GET /api/change-requests/approved/ HTTP/1.1" 200 34390
INFO 2025-07-06 18:38:03,149 basehttp 4936 2896 "GET /api/change-requests/approved/ HTTP/1.1" 200 34390
INFO 2025-07-06 18:38:03,595 basehttp 4936 2896 "GET /api/change-requests/approved/ HTTP/1.1" 200 34390
INFO 2025-07-06 18:38:04,050 basehttp 4936 2896 "GET /api/change-requests/approved/ HTTP/1.1" 200 34390
INFO 2025-07-06 18:38:04,305 basehttp 4936 11484 "GET /admin/api/changerequestitem/ HTTP/1.1" 200 37493
INFO 2025-07-06 18:38:04,429 basehttp 4936 11484 "GET /admin/jsi18n/ HTTP/1.1" 200 3342
INFO 2025-07-06 18:38:05,254 basehttp 4936 2896 "GET /api/change-requests/approved/ HTTP/1.1" 200 34390
INFO 2025-07-06 18:38:05,802 basehttp 4936 2896 "GET /api/change-requests/approved/ HTTP/1.1" 200 34390
INFO 2025-07-06 18:38:06,258 basehttp 4936 2896 "GET /api/change-requests/approved/ HTTP/1.1" 200 34390
INFO 2025-07-06 18:38:06,848 basehttp 4936 2896 "GET /api/change-requests/approved/ HTTP/1.1" 200 34390
INFO 2025-07-06 18:38:07,361 basehttp 4936 2896 "GET /api/change-requests/approved/ HTTP/1.1" 200 34390
INFO 2025-07-06 18:38:07,911 basehttp 4936 2896 "GET /api/change-requests/approved/ HTTP/1.1" 200 34390
INFO 2025-07-06 18:38:08,398 basehttp 4936 2896 "GET /api/change-requests/approved/ HTTP/1.1" 200 34390
INFO 2025-07-06 18:38:08,976 basehttp 4936 2896 "GET /api/change-requests/approved/ HTTP/1.1" 200 34390
INFO 2025-07-06 18:38:09,690 basehttp 4936 11484 "GET /admin/api/changerequest/ HTTP/1.1" 200 96676
INFO 2025-07-06 18:38:09,780 basehttp 4936 11484 "GET /admin/jsi18n/ HTTP/1.1" 200 3342
INFO 2025-07-06 18:38:10,753 basehttp 4936 2896 "GET /api/change-requests/approved/ HTTP/1.1" 200 34390
INFO 2025-07-06 18:38:12,049 basehttp 4936 2896 "GET /api/change-requests/approved/ HTTP/1.1" 200 34390
INFO 2025-07-06 18:38:12,504 basehttp 4936 2896 "GET /api/change-requests/approved/ HTTP/1.1" 200 34390
INFO 2025-07-06 18:38:12,997 basehttp 4936 2896 "GET /api/change-requests/approved/ HTTP/1.1" 200 34390
INFO 2025-07-06 18:38:13,486 basehttp 4936 2896 "GET /api/change-requests/approved/ HTTP/1.1" 200 34390
INFO 2025-07-06 18:38:14,051 basehttp 4936 2896 "GET /api/change-requests/approved/ HTTP/1.1" 200 34390
INFO 2025-07-06 18:38:14,478 basehttp 4936 5020 "GET /api/change-requests/pending/ HTTP/1.1" 200 252
INFO 2025-07-06 18:38:14,865 basehttp 4936 2896 "GET /api/change-requests/approved/ HTTP/1.1" 200 34390
INFO 2025-07-06 18:38:15,867 basehttp 4936 5020 "GET /api/test-marks/?test=10 HTTP/1.1" 200 1270
INFO 2025-07-06 18:38:16,163 basehttp 4936 2896 "GET /api/change-requests/approved/ HTTP/1.1" 200 34390
INFO 2025-07-06 18:38:16,914 basehttp 4936 2896 "GET /api/change-requests/approved/ HTTP/1.1" 200 34390
INFO 2025-07-06 18:38:17,528 basehttp 4936 2896 "GET /api/change-requests/approved/ HTTP/1.1" 200 34390
INFO 2025-07-06 18:38:17,624 basehttp 4936 5020 "GET /api/monthly-tests/10/ HTTP/1.1" 200 1456
INFO 2025-07-06 18:38:17,685 basehttp 4936 5020 "POST /api/change-requests/ HTTP/1.1" 201 264
INFO 2025-07-06 18:38:17,730 basehttp 4936 5020 "GET /api/change-requests/pending/ HTTP/1.1" 200 464
INFO 2025-07-06 18:38:18,498 basehttp 4936 2896 "GET /api/change-requests/approved/ HTTP/1.1" 200 34390
INFO 2025-07-06 18:38:19,165 basehttp 4936 2896 "GET /api/change-requests/approved/ HTTP/1.1" 200 34390
INFO 2025-07-06 18:38:19,831 basehttp 4936 2896 "GET /api/change-requests/approved/ HTTP/1.1" 200 34390
INFO 2025-07-06 18:38:20,342 basehttp 4936 2896 "GET /api/change-requests/approved/ HTTP/1.1" 200 34390
INFO 2025-07-06 18:38:20,929 basehttp 4936 2896 "GET /api/change-requests/approved/ HTTP/1.1" 200 34390
INFO 2025-07-06 18:38:21,645 basehttp 4936 2896 "GET /api/change-requests/approved/ HTTP/1.1" 200 34390
INFO 2025-07-06 18:38:22,241 basehttp 4936 11484 "GET /admin/api/changerequest/ HTTP/1.1" 200 96639
INFO 2025-07-06 18:38:22,332 basehttp 4936 11484 "GET /admin/jsi18n/ HTTP/1.1" 200 3342
INFO 2025-07-06 18:38:22,858 basehttp 4936 2896 "GET /api/change-requests/approved/ HTTP/1.1" 200 34390
INFO 2025-07-06 18:38:23,576 basehttp 4936 2896 "GET /api/change-requests/approved/ HTTP/1.1" 200 34390
INFO 2025-07-06 18:38:24,144 basehttp 4936 2896 "GET /api/change-requests/approved/ HTTP/1.1" 200 34390
INFO 2025-07-06 18:38:24,679 basehttp 4936 2896 "GET /api/change-requests/approved/ HTTP/1.1" 200 34390
INFO 2025-07-06 18:38:25,138 basehttp 4936 5020 "GET /api/change-requests/pending/ HTTP/1.1" 200 464
INFO 2025-07-06 18:38:25,160 basehttp 4936 2896 "GET /api/change-requests/approved/ HTTP/1.1" 200 34390
INFO 2025-07-06 18:38:25,680 basehttp 4936 2896 "GET /api/change-requests/approved/ HTTP/1.1" 200 34390
INFO 2025-07-06 18:38:26,241 basehttp 4936 2896 "GET /api/change-requests/approved/ HTTP/1.1" 200 34390
INFO 2025-07-06 18:38:26,709 basehttp 4936 2896 "GET /api/change-requests/approved/ HTTP/1.1" 200 34390
INFO 2025-07-06 18:38:27,145 basehttp 4936 2896 "GET /api/change-requests/approved/ HTTP/1.1" 200 34390
INFO 2025-07-06 18:38:27,378 utils 4936 11484 Successfully applied change request 145
INFO 2025-07-06 18:38:27,385 basehttp 4936 11484 "POST /admin/api/changerequest/ HTTP/1.1" 302 0
INFO 2025-07-06 18:38:28,770 basehttp 4936 11484 "GET /admin/api/changerequest/ HTTP/1.1" 200 96811
INFO 2025-07-06 18:38:28,904 basehttp 4936 11484 "GET /admin/jsi18n/ HTTP/1.1" 200 3342
INFO 2025-07-06 18:38:28,934 basehttp 4936 2896 "GET /api/change-requests/approved/ HTTP/1.1" 200 34390
INFO 2025-07-06 18:38:31,183 basehttp 4936 2896 "GET /api/change-requests/approved/ HTTP/1.1" 200 34669
INFO 2025-07-06 18:38:31,851 basehttp 4936 2292 "GET /api/test-marks/?test=10 HTTP/1.1" 200 1270
INFO 2025-07-06 18:38:31,863 basehttp 4936 5020 "GET /api/test-marks/?test=10&_t=1751809111807 HTTP/1.1" 200 1270
INFO 2025-07-06 18:38:32,864 basehttp 4936 2896 "GET /api/change-requests/approved/ HTTP/1.1" 200 34669
INFO 2025-07-06 18:38:32,958 basehttp 4936 2896 "GET /api/test-marks/?test=10&_t=1751809112936 HTTP/1.1" 200 1270
INFO 2025-07-06 18:38:33,601 basehttp 4936 5020 "GET /api/change-requests/approved/ HTTP/1.1" 200 34669
INFO 2025-07-06 18:38:33,677 basehttp 4936 2896 "GET /api/test-marks/?test=10&_t=1751809113650 HTTP/1.1" 200 1270
INFO 2025-07-06 18:38:34,076 basehttp 4936 2896 "GET /api/test-marks/?test=10 HTTP/1.1" 200 1270
INFO 2025-07-06 18:38:34,302 basehttp 4936 5020 "GET /api/change-requests/approved/ HTTP/1.1" 200 34669
INFO 2025-07-06 18:38:34,371 basehttp 4936 5020 "GET /api/test-marks/?test=10&_t=1751809114340 HTTP/1.1" 200 1270
INFO 2025-07-06 18:38:34,974 basehttp 4936 2896 "GET /api/change-requests/approved/ HTTP/1.1" 200 34669
INFO 2025-07-06 18:38:35,082 basehttp 4936 2896 "GET /api/test-marks/?test=10&_t=1751809115061 HTTP/1.1" 200 1270
INFO 2025-07-06 18:38:35,614 basehttp 4936 2896 "GET /api/test-marks/?test=10 HTTP/1.1" 200 1270
INFO 2025-07-06 18:38:35,789 basehttp 4936 5020 "GET /api/change-requests/approved/ HTTP/1.1" 200 34669
INFO 2025-07-06 18:38:35,847 basehttp 4936 5020 "GET /api/test-marks/?test=10&_t=1751809115821 HTTP/1.1" 200 1270
INFO 2025-07-06 18:38:36,421 basehttp 4936 2896 "GET /api/change-requests/approved/ HTTP/1.1" 200 34669
INFO 2025-07-06 18:38:36,492 basehttp 4936 2896 "GET /api/test-marks/?test=10&_t=1751809116457 HTTP/1.1" 200 1270
INFO 2025-07-06 18:38:37,030 basehttp 4936 5020 "GET /api/change-requests/approved/ HTTP/1.1" 200 34669
INFO 2025-07-06 18:38:37,109 basehttp 4936 5020 "GET /api/test-marks/?test=10&_t=1751809117066 HTTP/1.1" 200 1270
INFO 2025-07-06 18:38:37,789 basehttp 4936 2896 "GET /api/change-requests/approved/ HTTP/1.1" 200 34669
INFO 2025-07-06 18:38:37,874 basehttp 4936 5020 "GET /api/test-marks/?test=10&_t=1751809117854 HTTP/1.1" 200 1270
INFO 2025-07-06 18:38:38,618 basehttp 4936 2896 "GET /api/change-requests/approved/ HTTP/1.1" 200 34669
INFO 2025-07-06 18:38:38,686 basehttp 4936 2896 "GET /api/test-marks/?test=10&_t=1751809118663 HTTP/1.1" 200 1270
INFO 2025-07-06 18:38:39,148 basehttp 4936 5020 "GET /api/change-requests/approved/ HTTP/1.1" 200 34669
INFO 2025-07-06 18:38:39,201 basehttp 4936 2896 "GET /api/test-marks/?test=10&_t=1751809119173 HTTP/1.1" 200 1270
INFO 2025-07-06 18:38:39,686 basehttp 4936 5020 "GET /api/change-requests/approved/ HTTP/1.1" 200 34669
INFO 2025-07-06 18:38:39,774 basehttp 4936 5020 "GET /api/test-marks/?test=10&_t=1751809119723 HTTP/1.1" 200 1270
INFO 2025-07-06 18:38:40,561 basehttp 4936 2896 "GET /api/change-requests/approved/ HTTP/1.1" 200 34669
INFO 2025-07-06 18:38:40,638 basehttp 4936 2896 "GET /api/test-marks/?test=10&_t=1751809120605 HTTP/1.1" 200 1270
INFO 2025-07-06 18:38:41,166 basehttp 4936 5020 "GET /api/change-requests/approved/ HTTP/1.1" 200 34669
INFO 2025-07-06 18:38:41,245 basehttp 4936 2896 "GET /api/test-marks/?test=10&_t=1751809121212 HTTP/1.1" 200 1270
INFO 2025-07-06 18:38:42,150 basehttp 4936 5020 - Broken pipe from ('127.0.0.1', 49441)
INFO 2025-07-06 18:38:43,102 basehttp 4936 2896 "GET /api/change-requests/pending/ HTTP/1.1" 200 252
INFO 2025-07-06 18:38:43,181 basehttp 4936 2896 "GET /api/change-requests/pending/ HTTP/1.1" 200 252
INFO 2025-07-06 18:38:43,233 basehttp 4936 2896 "GET /api/change-requests/pending/ HTTP/1.1" 200 252
INFO 2025-07-06 18:38:43,298 basehttp 4936 2896 "GET /api/change-requests/pending/ HTTP/1.1" 200 252
INFO 2025-07-06 18:38:43,916 basehttp 4936 2292 "GET /api/change-requests/approved/ HTTP/1.1" 200 34669
INFO 2025-07-06 18:38:44,450 basehttp 4936 2896 "GET /api/change-requests/approved/ HTTP/1.1" 200 34669
INFO 2025-07-06 18:38:44,901 basehttp 4936 2896 "GET /api/change-requests/approved/ HTTP/1.1" 200 34669
INFO 2025-07-06 18:38:45,357 basehttp 4936 2292 "GET /api/change-requests/approved/ HTTP/1.1" 200 34669
INFO 2025-07-06 18:38:45,787 basehttp 4936 2896 "GET /api/change-requests/approved/ HTTP/1.1" 200 34669
INFO 2025-07-06 18:38:46,262 basehttp 4936 2292 "GET /api/change-requests/approved/ HTTP/1.1" 200 34669
INFO 2025-07-06 18:38:46,763 basehttp 4936 2896 "GET /api/change-requests/approved/ HTTP/1.1" 200 34669
INFO 2025-07-06 18:38:47,223 basehttp 4936 2292 "GET /api/change-requests/approved/ HTTP/1.1" 200 34669
INFO 2025-07-06 18:38:47,296 basehttp 4936 2292 "GET /api/students/?class_admitted=Class%201&gender=boys HTTP/1.1" 200 921
INFO 2025-07-06 18:38:47,390 basehttp 4936 2292 "GET /api/subjects/?class_fk=1 HTTP/1.1" 200 465
INFO 2025-07-06 18:38:47,462 basehttp 4936 2292 "GET /api/monthly-tests/?class_fk=1&month=2025-07-01 HTTP/1.1" 200 3551
INFO 2025-07-06 18:38:47,495 basehttp 4936 2292 "GET /api/change-requests/pending/ HTTP/1.1" 200 252
INFO 2025-07-06 18:38:47,898 basehttp 4936 2896 "GET /api/change-requests/approved/ HTTP/1.1" 200 34669
INFO 2025-07-06 18:38:48,361 basehttp 4936 2292 "GET /api/change-requests/approved/ HTTP/1.1" 200 34669
INFO 2025-07-06 18:38:48,829 basehttp 4936 2896 "GET /api/change-requests/approved/ HTTP/1.1" 200 34669
INFO 2025-07-06 18:38:49,393 basehttp 4936 2292 "GET /api/change-requests/approved/ HTTP/1.1" 200 34669
INFO 2025-07-06 18:38:49,878 basehttp 4936 2896 "GET /api/change-requests/approved/ HTTP/1.1" 200 34669
INFO 2025-07-06 18:38:50,367 basehttp 4936 2292 "GET /api/change-requests/approved/ HTTP/1.1" 200 34669
INFO 2025-07-06 18:38:50,830 basehttp 4936 2896 "GET /api/change-requests/approved/ HTTP/1.1" 200 34669
INFO 2025-07-06 18:38:51,297 basehttp 4936 2292 "GET /api/change-requests/approved/ HTTP/1.1" 200 34669
INFO 2025-07-06 18:38:51,798 basehttp 4936 2292 "GET /api/monthly-tests/?class_fk=1&month=2025-07-01 HTTP/1.1" 200 3551
INFO 2025-07-06 18:38:51,816 basehttp 4936 2292 "GET /api/change-requests/pending/ HTTP/1.1" 200 252
INFO 2025-07-06 18:38:51,849 basehttp 4936 2896 "GET /api/change-requests/approved/ HTTP/1.1" 200 34669
INFO 2025-07-06 18:38:51,900 basehttp 4936 2292 "GET /api/change-requests/pending/ HTTP/1.1" 200 252
INFO 2025-07-06 18:38:52,426 basehttp 4936 9480 "GET /api/change-requests/approved/ HTTP/1.1" 200 34669
INFO 2025-07-06 18:38:52,992 basehttp 4936 2292 "GET /api/change-requests/approved/ HTTP/1.1" 200 34669
INFO 2025-07-06 18:38:53,567 basehttp 4936 9480 "GET /api/change-requests/approved/ HTTP/1.1" 200 34669
INFO 2025-07-06 18:38:53,663 basehttp 4936 9480 "GET /api/students/?class_admitted=Class%201&gender=girls HTTP/1.1" 200 456
INFO 2025-07-06 18:38:53,668 basehttp 4936 2896 "GET /api/subjects/?class_fk=1 HTTP/1.1" 200 465
INFO 2025-07-06 18:38:53,713 basehttp 4936 13268 "GET /api/monthly-tests/?class_fk=1&month=2025-07-01 HTTP/1.1" 200 3551
INFO 2025-07-06 18:38:53,745 basehttp 4936 13268 "GET /api/change-requests/pending/ HTTP/1.1" 200 252
INFO 2025-07-06 18:38:54,163 basehttp 4936 2292 "GET /api/change-requests/approved/ HTTP/1.1" 200 34669
INFO 2025-07-06 18:38:54,627 basehttp 4936 13268 "GET /api/change-requests/approved/ HTTP/1.1" 200 34669
INFO 2025-07-06 18:38:54,713 basehttp 4936 13268 "GET /api/students/?class_admitted=Class%201&gender=boys HTTP/1.1" 200 921
INFO 2025-07-06 18:38:54,747 basehttp 4936 9480 "GET /api/monthly-tests/?class_fk=1&month=2025-07-01 HTTP/1.1" 200 3551
INFO 2025-07-06 18:38:54,778 basehttp 4936 2896 "GET /api/subjects/?class_fk=1 HTTP/1.1" 200 465
INFO 2025-07-06 18:38:54,780 basehttp 4936 9480 "GET /api/change-requests/pending/ HTTP/1.1" 200 252
INFO 2025-07-06 18:38:55,226 basehttp 4936 2292 "GET /api/change-requests/approved/ HTTP/1.1" 200 34669
INFO 2025-07-06 18:38:55,714 basehttp 4936 9480 "GET /api/change-requests/approved/ HTTP/1.1" 200 34669
INFO 2025-07-06 18:38:56,232 basehttp 4936 2292 "GET /api/change-requests/approved/ HTTP/1.1" 200 34669
INFO 2025-07-06 18:38:56,742 basehttp 4936 9480 "GET /api/change-requests/approved/ HTTP/1.1" 200 34669
INFO 2025-07-06 18:38:57,243 basehttp 4936 2292 "GET /api/change-requests/approved/ HTTP/1.1" 200 34669
INFO 2025-07-06 18:38:57,837 basehttp 4936 9480 "GET /api/change-requests/approved/ HTTP/1.1" 200 34669
INFO 2025-07-06 18:38:58,530 basehttp 4936 9480 "GET /api/change-requests/approved/ HTTP/1.1" 200 34669
INFO 2025-07-06 18:38:59,017 basehttp 4936 9480 "GET /api/change-requests/pending/ HTTP/1.1" 200 252
INFO 2025-07-06 18:38:59,042 basehttp 4936 9480 "GET /api/change-requests/pending/ HTTP/1.1" 200 252
INFO 2025-07-06 18:38:59,092 basehttp 4936 9480 "GET /api/change-requests/pending/ HTTP/1.1" 200 252
INFO 2025-07-06 18:38:59,127 basehttp 4936 9480 "GET /api/change-requests/pending/ HTTP/1.1" 200 252
INFO 2025-07-06 18:38:59,278 basehttp 4936 2292 "GET /api/change-requests/approved/ HTTP/1.1" 200 34669
INFO 2025-07-06 18:38:59,837 basehttp 4936 9480 "GET /api/change-requests/approved/ HTTP/1.1" 200 34669
INFO 2025-07-06 18:39:00,259 basehttp 4936 2292 "GET /api/change-requests/approved/ HTTP/1.1" 200 34669
INFO 2025-07-06 18:39:00,480 basehttp 4936 2292 "GET /api/students/?class_admitted=Class%201&gender=boys HTTP/1.1" 200 921
INFO 2025-07-06 18:39:00,499 basehttp 4936 2896 "GET /api/subjects/?class_fk=1 HTTP/1.1" 200 465
INFO 2025-07-06 18:39:00,535 basehttp 4936 13268 "GET /api/monthly-tests/?class_fk=1&month=2025-07-01 HTTP/1.1" 200 3551
INFO 2025-07-06 18:39:00,560 basehttp 4936 13268 "GET /api/change-requests/pending/ HTTP/1.1" 200 252
INFO 2025-07-06 18:39:00,806 basehttp 4936 9480 "GET /api/change-requests/approved/ HTTP/1.1" 200 34669
INFO 2025-07-06 18:39:01,528 basehttp 4936 9480 "GET /api/change-requests/approved/ HTTP/1.1" 200 34669
INFO 2025-07-06 18:39:02,089 basehttp 4936 13268 "GET /api/change-requests/approved/ HTTP/1.1" 200 34669
INFO 2025-07-06 18:39:02,590 basehttp 4936 9480 "GET /api/change-requests/approved/ HTTP/1.1" 200 34669
INFO 2025-07-06 18:39:03,071 basehttp 4936 13268 "GET /api/change-requests/approved/ HTTP/1.1" 200 34669
INFO 2025-07-06 18:39:03,573 basehttp 4936 13268 "GET /api/change-requests/approved/ HTTP/1.1" 200 34669
INFO 2025-07-06 18:39:04,082 basehttp 4936 9480 "GET /api/change-requests/approved/ HTTP/1.1" 200 34669
INFO 2025-07-06 18:39:04,545 basehttp 4936 13268 "GET /api/change-requests/approved/ HTTP/1.1" 200 34669
INFO 2025-07-06 18:39:04,972 basehttp 4936 9480 "GET /api/change-requests/approved/ HTTP/1.1" 200 34669
INFO 2025-07-06 18:39:05,424 basehttp 4936 9480 "GET /api/change-requests/approved/ HTTP/1.1" 200 34669
INFO 2025-07-06 18:39:05,937 basehttp 4936 9480 "GET /api/change-requests/approved/ HTTP/1.1" 200 34669
INFO 2025-07-06 18:39:06,511 basehttp 4936 13268 "GET /api/change-requests/approved/ HTTP/1.1" 200 34669
INFO 2025-07-06 18:39:06,889 basehttp 4936 13268 "GET /api/students/ HTTP/1.1" 200 2890
INFO 2025-07-06 18:39:06,915 basehttp 4936 13268 "GET /api/students/ HTTP/1.1" 200 2890
INFO 2025-07-06 18:39:07,449 basehttp 4936 9480 "GET /api/change-requests/approved/ HTTP/1.1" 200 34669
INFO 2025-07-06 18:39:07,910 basehttp 4936 13268 "GET /api/change-requests/approved/ HTTP/1.1" 200 34669
INFO 2025-07-06 18:39:08,349 basehttp 4936 9480 "GET /api/change-requests/approved/ HTTP/1.1" 200 34669
INFO 2025-07-06 18:39:08,758 basehttp 4936 13268 "GET /api/change-requests/approved/ HTTP/1.1" 200 34669
INFO 2025-07-06 18:39:09,272 basehttp 4936 9480 "GET /api/change-requests/approved/ HTTP/1.1" 200 34669
INFO 2025-07-06 18:45:22,438 autoreload 4936 3052 D:\ips-management\Backend\src\api\views.py changed, reloading.
INFO 2025-07-06 18:45:24,019 autoreload 7044 10260 Watching for file changes with StatReloader
INFO 2025-07-06 18:45:43,105 basehttp 7044 1936 "GET /admin/api/changerequest/ HTTP/1.1" 200 96667
INFO 2025-07-06 18:45:43,174 basehttp 7044 1936 "GET /admin/jsi18n/ HTTP/1.1" 200 3342
INFO 2025-07-06 18:45:46,627 basehttp 7044 2704 "GET /api/students/ HTTP/1.1" 200 2890
INFO 2025-07-06 18:45:46,639 basehttp 7044 2704 "GET /api/students/ HTTP/1.1" 200 2890
INFO 2025-07-06 18:48:18,639 autoreload 7044 10260 D:\ips-management\Backend\src\api\admin.py changed, reloading.
INFO 2025-07-06 18:48:20,439 autoreload 12532 1988 Watching for file changes with StatReloader
INFO 2025-07-06 18:52:42,197 autoreload 12532 1988 D:\ips-management\Backend\src\api\models.py changed, reloading.
INFO 2025-07-06 18:52:43,553 autoreload 4608 9568 Watching for file changes with StatReloader
INFO 2025-07-06 18:53:40,017 autoreload 4608 9568 D:\ips-management\Backend\core\urls.py changed, reloading.
INFO 2025-07-06 18:53:41,180 autoreload 11000 9956 Watching for file changes with StatReloader
INFO 2025-07-06 18:54:54,975 autoreload 11000 9956 D:\ips-management\Backend\src\api\serializers.py changed, reloading.
INFO 2025-07-06 18:54:56,548 autoreload 6940 12560 Watching for file changes with StatReloader
INFO 2025-07-06 18:54:57,304 basehttp 6940 2444 "GET /admin/api/changerequest/ HTTP/1.1" 200 77807
INFO 2025-07-06 18:54:57,383 basehttp 6940 2444 "GET /admin/jsi18n/ HTTP/1.1" 200 3342
INFO 2025-07-06 18:56:17,004 autoreload 6940 12560 D:\ips-management\Backend\src\api\admin.py changed, reloading.
